<?xml version="1.0" encoding="UTF-8"?>
<testsuite xmlns:xsi="http://www.w3.org/2001/XMLSchema-instance" xsi:noNamespaceSchemaLocation="https://maven.apache.org/surefire/maven-surefire-plugin/xsd/surefire-test-report.xsd" version="3.0.2" name="org.example.cargame.PersistenceTests" time="4.646" tests="1" errors="0" skipped="0" failures="0" flakes="0">
  <properties>
[...]
</properties>
  <testcase name="testSaveAndLoad" classname="org.example.cargame.PersistenceTests" time="0.809">
    <system-out><![CDATA[15:40:32.097 [main] INFO org.springframework.test.context.support.AnnotationConfigContextLoaderUtils -- Could not detect default configuration classes for test class [org.example.cargame.PersistenceTests]: PersistenceTests does not declare any static, non-private, non-final, nested classes annotated with @Configuration.
15:40:32.186 [main] INFO org.springframework.boot.test.context.SpringBootTestContextBootstrapper -- Found @SpringBootConfiguration org.example.cargame.CarGameApplication for test class org.example.cargame.PersistenceTests
15:40:32.251 [main] INFO org.springframework.test.context.support.AnnotationConfigContextLoaderUtils -- Could not detect default configuration classes for test class [org.example.cargame.PersistenceTests]: PersistenceTests does not declare any static, non-private, non-final, nested classes annotated with @Configuration.
15:40:32.253 [main] INFO org.springframework.boot.test.context.SpringBootTestContextBootstrapper -- Found @SpringBootConfiguration org.example.cargame.CarGameApplication for test class org.example.cargame.PersistenceTests

  .   ____          _            __ _ _
 /\\ / ___'_ __ _ _(_)_ __  __ _ \ \ \ \
( ( )\___ | '_ | '_| | '_ \/ _` | \ \ \ \
 \\/  ___)| |_)| | | | | || (_| |  ) ) ) )
  '  |____| .__|_| |_|_| |_\__, | / / / /
 =========|_|==============|___/=/_/_/_/

 :: Spring Boot ::                (v4.0.6)

2026-06-17T15:40:32.540+02:00  INFO 28640 --- [car-simulator] [           main] org.example.cargame.PersistenceTests     : Starting PersistenceTests using Java 21.0.10 with PID 28640 (started by Admin in C:\Users\Admin\IdeaProjects\car-simulator\backend)
2026-06-17T15:40:32.542+02:00  INFO 28640 --- [car-simulator] [           main] org.example.cargame.PersistenceTests     : No active profile set, falling back to 1 default profile: "default"
2026-06-17T15:40:33.078+02:00  INFO 28640 --- [car-simulator] [           main] .s.d.r.c.RepositoryConfigurationDelegate : Bootstrapping Spring Data JPA repositories in DEFAULT mode.
2026-06-17T15:40:33.140+02:00  INFO 28640 --- [car-simulator] [           main] .s.d.r.c.RepositoryConfigurationDelegate : Finished Spring Data repository scanning in 54 ms. Found 8 JPA repository interfaces.
2026-06-17T15:40:33.513+02:00  INFO 28640 --- [car-simulator] [           main] org.hibernate.orm.jpa                    : HHH008540: Processing PersistenceUnitInfo [name: default]
2026-06-17T15:40:33.573+02:00  INFO 28640 --- [car-simulator] [           main] org.hibernate.orm.core                   : HHH000001: Hibernate ORM core version 7.2.12.Final
2026-06-17T15:40:34.053+02:00  INFO 28640 --- [car-simulator] [           main] o.s.o.j.p.SpringPersistenceUnitInfo      : No LoadTimeWeaver setup: ignoring JPA class transformer
2026-06-17T15:40:34.080+02:00  INFO 28640 --- [car-simulator] [           main] com.zaxxer.hikari.HikariDataSource       : HikariPool-1 - Starting...
2026-06-17T15:40:34.153+02:00  INFO 28640 --- [car-simulator] [           main] com.zaxxer.hikari.pool.HikariPool        : HikariPool-1 - Added connection org.sqlite.jdbc4.JDBC4Connection@52d59507
2026-06-17T15:40:34.154+02:00  INFO 28640 --- [car-simulator] [           main] com.zaxxer.hikari.HikariDataSource       : HikariPool-1 - Start completed.
2026-06-17T15:40:34.190+02:00  INFO 28640 --- [car-simulator] [           main] org.hibernate.orm.connections.pooling    : HHH10001005: Database info:
	Database JDBC URL [jdbc:sqlite:./data/carGame.sqlite]
	Database driver: SQLite JDBC
	Database dialect: SQLiteDialect
	Database version: 3.42
	Default catalog/schema: undefined/undefined
	Autocommit mode: undefined/unknown
	Isolation level: SERIALIZABLE [default SERIALIZABLE]
	JDBC fetch size: none
	Pool: DataSourceConnectionProvider
	Minimum pool size: undefined/unknown
	Maximum pool size: undefined/unknown
2026-06-17T15:40:34.911+02:00  INFO 28640 --- [car-simulator] [           main] org.hibernate.orm.core                   : HHH000489: No JTA platform available (set 'hibernate.transaction.jta.platform' to enable JTA platform integration)
2026-06-17T15:40:34.944+02:00  INFO 28640 --- [car-simulator] [           main] j.LocalContainerEntityManagerFactoryBean : Initialized JPA EntityManagerFactory for persistence unit 'default'
2026-06-17T15:40:35.066+02:00  INFO 28640 --- [car-simulator] [           main] o.s.d.j.r.query.QueryEnhancerFactories   : Hibernate is in classpath; If applicable, HQL parser will be used.
2026-06-17T15:40:35.404+02:00  WARN 28640 --- [car-simulator] [           main] JpaBaseConfiguration$JpaWebConfiguration : spring.jpa.open-in-view is enabled by default. Therefore, database queries may be performed during view rendering. Explicitly configure spring.jpa.open-in-view to disable this warning
2026-06-17T15:40:35.731+02:00  INFO 28640 --- [car-simulator] [           main] o.s.m.s.b.SimpleBrokerMessageHandler     : Starting...
2026-06-17T15:40:35.732+02:00  INFO 28640 --- [car-simulator] [           main] o.s.m.s.b.SimpleBrokerMessageHandler     : BrokerAvailabilityEvent[available=true, SimpleBrokerMessageHandler [org.springframework.messaging.simp.broker.DefaultSubscriptionRegistry@27a8bfa1]]
2026-06-17T15:40:35.733+02:00  INFO 28640 --- [car-simulator] [           main] o.s.m.s.b.SimpleBrokerMessageHandler     : Started.
2026-06-17T15:40:35.738+02:00  INFO 28640 --- [car-simulator] [           main] org.example.cargame.PersistenceTests     : Started PersistenceTests in 3.433 seconds (process running for 4.318)
Hibernate: select sce1_0.id,sce1_0.state from state_component sce1_0
Hibernate: select sce1_0.id,sce1_0.speed from speed_component sce1_0
Hibernate: select pce1_0.id,pce1_0.current_edge_from_id,pce1_0.current_edge_to_id,pce1_0.current_node_id,pce1_0.edge_progress,pce1_0.x,pce1_0.y from position_component pce1_0
Hibernate: select cce1_0.id,cce1_0.color from color_component cce1_0
Hibernate: select ece1_0.id,ece1_0.engine_type from engine_component ece1_0
Hibernate: select pce1_0.id,pce1_0.current_edge_index from path_component pce1_0
Hibernate: select mce1_0.id from message_component mce1_0
Hibernate: select m1_0.message_component_entity_id,m1_0.type,m1_0.message from messages m1_0 where m1_0.message_component_entity_id=?
Hibernate: select esce1_0.id from energy_storage_component esce1_0
Hibernate: select s1_0.component_id,s1_0.engine_type,s1_0.power,s1_0.capacity from energy_storage_component_storages s1_0 where s1_0.component_id=?
Hibernate: delete from path_edges_from where path_id=?
Hibernate: delete from path_edges_to where path_id=?
Hibernate: delete from messages where message_component_entity_id=?
Hibernate: delete from energy_storage_component_storages where component_id=?
Hibernate: delete from state_component where id=?
Hibernate: delete from state_component where id=?
Hibernate: delete from speed_component where id=?
Hibernate: delete from speed_component where id=?
Hibernate: delete from position_component where id=?
Hibernate: delete from color_component where id=?
Hibernate: delete from color_component where id=?
Hibernate: delete from engine_component where id=?
Hibernate: delete from path_component where id=?
Hibernate: delete from message_component where id=?
Hibernate: delete from energy_storage_component where id=?
Hibernate: select sce1_0.id,sce1_0.state from state_component sce1_0 where sce1_0.id=?
Hibernate: select sce1_0.id,sce1_0.speed from speed_component sce1_0 where sce1_0.id=?
Hibernate: select sce1_0.id,sce1_0.speed from speed_component sce1_0 where sce1_0.id=?
Hibernate: select pce1_0.id,pce1_0.current_edge_from_id,pce1_0.current_edge_to_id,pce1_0.current_node_id,pce1_0.edge_progress,pce1_0.x,pce1_0.y from position_component pce1_0 where pce1_0.id=?
Hibernate: select cce1_0.id,cce1_0.color from color_component cce1_0 where cce1_0.id=?
Hibernate: select cce1_0.id,cce1_0.color from color_component cce1_0 where cce1_0.id=?
Hibernate: select ece1_0.id,ece1_0.engine_type from engine_component ece1_0 where ece1_0.id=?
Hibernate: select pce1_0.id,pce1_0.current_edge_index from path_component pce1_0 where pce1_0.id=?
Hibernate: select mce1_0.id,m1_0.message_component_entity_id,m1_0.type,m1_0.message from message_component mce1_0 left join messages m1_0 on mce1_0.id=m1_0.message_component_entity_id where mce1_0.id=?
Hibernate: select esce1_0.id,s1_0.component_id,s1_0.engine_type,s1_0.power,s1_0.capacity from energy_storage_component esce1_0 left join energy_storage_component_storages s1_0 on esce1_0.id=s1_0.component_id where esce1_0.id=?
Hibernate: insert into state_component (state,id) values (?,?)
Hibernate: insert into state_component (state,id) values (?,?)
Hibernate: insert into speed_component (speed,id) values (?,?)
Hibernate: insert into speed_component (speed,id) values (?,?)
Hibernate: insert into position_component (current_edge_from_id,current_edge_to_id,current_node_id,edge_progress,x,y,id) values (?,?,?,?,?,?,?)
Hibernate: insert into color_component (color,id) values (?,?)
Hibernate: insert into color_component (color,id) values (?,?)
Hibernate: insert into engine_component (engine_type,id) values (?,?)
Hibernate: insert into path_component (current_edge_index,id) values (?,?)
Hibernate: insert into message_component (id) values (?)
Hibernate: insert into energy_storage_component (id) values (?)
Hibernate: insert into messages (message_component_entity_id,type,message) values (?,?,?)
Hibernate: insert into energy_storage_component_storages (component_id,engine_type,power,capacity) values (?,?,?,?)
Hibernate: insert into energy_storage_component_storages (component_id,engine_type,power,capacity) values (?,?,?,?)
Hibernate: select count(*) from state_component sce1_0
Hibernate: select sce1_0.id,sce1_0.speed from speed_component sce1_0
Hibernate: select pce1_0.id,pce1_0.current_edge_from_id,pce1_0.current_edge_to_id,pce1_0.current_node_id,pce1_0.edge_progress,pce1_0.x,pce1_0.y from position_component pce1_0
Hibernate: select cce1_0.id,cce1_0.color from color_component cce1_0
Hibernate: select ece1_0.id,ece1_0.engine_type from engine_component ece1_0
Hibernate: select pce1_0.id,pce1_0.current_edge_index from path_component pce1_0
Hibernate: select eif1_0.path_id,eif1_0.edge_id_from from path_edges_from eif1_0 where eif1_0.path_id=?
Hibernate: select eit1_0.path_id,eit1_0.edge_id_to from path_edges_to eit1_0 where eit1_0.path_id=?
Hibernate: select mce1_0.id from message_component mce1_0
Hibernate: select m1_0.message_component_entity_id,m1_0.type,m1_0.message from messages m1_0 where m1_0.message_component_entity_id=?
Hibernate: select esce1_0.id from energy_storage_component esce1_0
Hibernate: select s1_0.component_id,s1_0.engine_type,s1_0.power,s1_0.capacity from energy_storage_component_storages s1_0 where s1_0.component_id=?
Hibernate: select sce1_0.id,sce1_0.state from state_component sce1_0
]]></system-out>
    <system-err><![CDATA[Mockito is currently self-attaching to enable the inline-mock-maker. This will no longer work in future releases of the JDK. Please add Mockito as an agent to your build as described in Mockito's documentation: https://javadoc.io/doc/org.mockito/mockito-core/latest/org.mockito/org/mockito/Mockito.html#0.3
WARNING: A Java agent has been loaded dynamically (C:\Users\Admin\.m2\repository\net\bytebuddy\byte-buddy-agent\1.17.8\byte-buddy-agent-1.17.8.jar)
WARNING: If a serviceability tool is in use, please run with -XX:+EnableDynamicAgentLoading to hide this warning
WARNING: If a serviceability tool is not in use, please run with -Djdk.instrument.traceUsage for more information
WARNING: Dynamic loading of agents will be disallowed by default in a future release
]]></system-err>
  </testcase>
</testsuite>